You have triggered an unhandledRejection, you may have forgotten to catch a Promise rejection:
FetchError: request to https://api.telegram.org/bot8495534962:[REDACTED]/getMe failed, reason: getaddrinfo ENOTFOUND api.telegram.org
    at ClientRequest.<anonymous> (/Users/senayonagboyinu/Documents/Html,Css,Javascript/telegram_bot2/node_modules/node-fetch/lib/index.js:1501:11)
    at ClientRequest.emit (node:events:519:28)
    at TLSSocket.socketErrorListener (node:_http_client:500:9)
    at TLSSocket.emit (node:events:519:28)
    at emitErrorNT (node:internal/streams/destroy:169:8)
    at emitErrorCloseNT (node:internal/streams/destroy:128:3)
    at process.processTicksAndRejections (node:internal/process/task_queues:82:21)
Error: Bot is not running!
    at Telegraf.stop (/Users/senayonagboyinu/Documents/Html,Css,Javascript/telegram_bot2/node_modules/telegraf/lib/telegraf.js:218:19)
    at process.<anonymous> (/Users/senayonagboyinu/Documents/Html,Css,Javascript/telegram_bot2/dist/main.js:731:34)
    at Object.onceWrapper (node:events:634:26)
    at process.emit (node:events:519:28)
You have triggered an unhandledRejection, you may have forgotten to catch a Promise rejection:
FetchError: request to https://api.telegram.org/bot8495534962:[REDACTED]/getMe failed, reason: getaddrinfo ENOTFOUND api.telegram.org
    at ClientRequest.<anonymous> (/Users/senayonagboyinu/Documents/Html,Css,Javascript/telegram_bot2/node_modules/node-fetch/lib/index.js:1501:11)
    at ClientRequest.emit (node:events:519:28)
    at TLSSocket.socketErrorListener (node:_http_client:500:9)
    at TLSSocket.emit (node:events:519:28)
    at emitErrorNT (node:internal/streams/destroy:169:8)
    at emitErrorCloseNT (node:internal/streams/destroy:128:3)
    at process.processTicksAndRejections (node:internal/process/task_queues:82:21)
